/*C51*/SET SCHEMA PUBLIC
DISCONNECT
/*C52*/SET SCHEMA PUBLIC
DISCONNECT
/*C53*/SET SCHEMA PUBLIC
DISCONNECT
/*C54*/SET SCHEMA PUBLIC
DELETE FROM WIKI_PAGE WHERE NAME='\u5927\u8c37\u3000\u8f9e\u9000'
INSERT INTO WIKI_PAGE VALUES('\u5927\u8c37\u3000\u8f9e\u9000','\u65e5\u672c\u30cf\u30e0\u30fb\u5927\u8c37\u7fd4\u5e73\u6295\u624b\uff08\uff12\uff12\uff09\u304c\uff13\u6708\u306e\u30ef\u30fc\u30eb\u30c9\u30fb\u30d9\u30fc\u30b9\u30dc\u30fc\u30eb\u30fb\u30af\u30e9\u30b7\u30c3\u30af\uff08\uff37\uff22\uff23\uff09\u3092\u6295\u624b\u3068\u3057\u3066\u8f9e\u9000\u3059\u308b\u3053\u3068\u306b\u306a\u3063\u305f\u3002\u6625\u5b63\u30ad\u30e3\u30f3\u30d7\u306e\u305f\u3081\u306b\u8a2a\u308c\u3066\u3044\u308b\u7c73\u30a2\u30ea\u30be\u30ca\u5dde\u30d4\u30aa\u30ea\u30a2\u3067\u6817\u5c71\u82f1\u6a39\u76e3\u7763\uff08\uff15\uff15\uff09\u304c\u73fe\u5730\uff11\u6708\uff13\uff11\u65e5\uff08\u65e5\u672c\u6642\u9593\uff12\u6708\uff11\u65e5\uff09\u306b\u8868\u660e\u3057\u305f\u3002\u000d\u000a\u000d\u000a\u3000\u5927\u8c37\u306f\u6628\u5e74\u306e\u65e5\u672c\u30b7\u30ea\u30fc\u30ba\u4e2d\u306b\u53f3\u8db3\u9996\u3092\u75db\u3081\u3001\u305d\u306e\u5f8c\u306e\u4f8d\u30b8\u30e3\u30d1\u30f3\u5f37\u5316\u8a66\u5408\u3067\u3082\u53f3\u8db3\u9996\u75db\u3092\u518d\u767a\u3002\u61f8\u547d\u306b\u8abf\u6574\u3092\u7d9a\u3051\u3066\u304d\u305f\u304c\u3001\u72b6\u614b\u304c\u597d\u8ee2\u3057\u306a\u3044\u305f\u3081\u3001\u6817\u5c71\u76e3\u7763\u4ee5\u4e0b\u3001\u9996\u8133\u9663\u3068\u8a71\u3057\u5408\u3044\u3001\u6295\u624b\u3068\u3057\u3066\u306f\u30d7\u30ec\u30fc\u3067\u304d\u306a\u3044\u3053\u3068\u3092\uff2e\uff30\uff22\u5074\u306b\u4f1d\u3048\u305f\u3002\u000d\u000a\u000d\u000a\u3000\u3053\u306e\u65e5\u3001\u672c\u4eba\u3068\u8a71\u3057\u5408\u3044\u3001\u6700\u7d42\u7684\u306a\u5224\u65ad\u3092\u4e0b\u3057\u305f\u6817\u5c71\u76e3\u7763\u306f\u300c\u666e\u901a\u306b\u3084\u3063\u3066\u3082\uff08\u30b7\u30fc\u30ba\u30f3\u958b\u5e55\u306b\uff09\u9593\u306b\u5408\u3046\u304b\u3082\u5206\u304b\u3089\u306a\u3044\u3002\u975e\u5e38\u306b\u6b8b\u5ff5\u3060\u304c\u3001\u672c\u4eba\u3082\u308f\u304b\u3063\u3066\u3044\u308b\u3068\u601d\u3046\u300d\u3068\u82e6\u6e0b\u306e\u6c7a\u65ad\u3060\u3063\u305f\u3002\u6253\u8005\u3068\u3057\u3066\u306e\u51fa\u5834\u306f\u53ef\u80fd\u6027\u304c\u6b8b\u3055\u308c\u3066\u3044\u308b\u304c\u3001\u3053\u3061\u3089\u306b\u3064\u3044\u3066\u3082\u4eca\u5f8c\u306e\u56de\u5fa9\u5177\u5408\u3092\u898b\u3066\u3001\u5224\u65ad\u3059\u308b\u3053\u3068\u306b\u306a\u308b\u3002','2017-02-01 12:27:38.871000','172.19.4.29','1','114514')
COMMIT
DISCONNECT
/*C55*/SET SCHEMA PUBLIC
INSERT INTO WIKI_HISTORY VALUES(NULL,'\u5927\u8c37\u3000\u8f9e\u9000','######DELETE######','2017-02-02 09:23:59.191000','172.19.4.29',NULL,'1')
COMMIT
DISCONNECT
/*C56*/SET SCHEMA PUBLIC
DELETE FROM WIKI_HISTORY WHERE HISTORY_NUM IS NULL AND NAME='\u5927\u8c37\u3000\u8f9e\u9000' AND CONTENT='\u65e5\u672c\u30cf\u30e0\u30fb\u5927\u8c37\u7fd4\u5e73\u6295\u624b\uff08\uff12\uff12\uff09\u304c\uff13\u6708\u306e\u30ef\u30fc\u30eb\u30c9\u30fb\u30d9\u30fc\u30b9\u30dc\u30fc\u30eb\u30fb\u30af\u30e9\u30b7\u30c3\u30af\uff08\uff37\uff22\uff23\uff09\u3092\u6295\u624b\u3068\u3057\u3066\u8f9e\u9000\u3059\u308b\u3053\u3068\u306b\u306a\u3063\u305f\u3002\u6625\u5b63\u30ad\u30e3\u30f3\u30d7\u306e\u305f\u3081\u306b\u8a2a\u308c\u3066\u3044\u308b\u7c73\u30a2\u30ea\u30be\u30ca\u5dde\u30d4\u30aa\u30ea\u30a2\u3067\u6817\u5c71\u82f1\u6a39\u76e3\u7763\uff08\uff15\uff15\uff09\u304c\u73fe\u5730\uff11\u6708\uff13\uff11\u65e5\uff08\u65e5\u672c\u6642\u9593\uff12\u6708\uff11\u65e5\uff09\u306b\u8868\u660e\u3057\u305f\u3002\u000d\u000a\u000d\u000a\u3000\u5927\u8c37\u306f\u6628\u5e74\u306e\u65e5\u672c\u30b7\u30ea\u30fc\u30ba\u4e2d\u306b\u53f3\u8db3\u9996\u3092\u75db\u3081\u3001\u305d\u306e\u5f8c\u306e\u4f8d\u30b8\u30e3\u30d1\u30f3\u5f37\u5316\u8a66\u5408\u3067\u3082\u53f3\u8db3\u9996\u75db\u3092\u518d\u767a\u3002\u61f8\u547d\u306b\u8abf\u6574\u3092\u7d9a\u3051\u3066\u304d\u305f\u304c\u3001\u72b6\u614b\u304c\u597d\u8ee2\u3057\u306a\u3044\u305f\u3081\u3001\u6817\u5c71\u76e3\u7763\u4ee5\u4e0b\u3001\u9996\u8133\u9663\u3068\u8a71\u3057\u5408\u3044\u3001\u6295\u624b\u3068\u3057\u3066\u306f\u30d7\u30ec\u30fc\u3067\u304d\u306a\u3044\u3053\u3068\u3092\uff2e\uff30\uff22\u5074\u306b\u4f1d\u3048\u305f\u3002\u000d\u000a\u000d\u000a\u3000\u3053\u306e\u65e5\u3001\u672c\u4eba\u3068\u8a71\u3057\u5408\u3044\u3001\u6700\u7d42\u7684\u306a\u5224\u65ad\u3092\u4e0b\u3057\u305f\u6817\u5c71\u76e3\u7763\u306f\u300c\u666e\u901a\u306b\u3084\u3063\u3066\u3082\uff08\u30b7\u30fc\u30ba\u30f3\u958b\u5e55\u306b\uff09\u9593\u306b\u5408\u3046\u304b\u3082\u5206\u304b\u3089\u306a\u3044\u3002\u975e\u5e38\u306b\u6b8b\u5ff5\u3060\u304c\u3001\u672c\u4eba\u3082\u308f\u304b\u3063\u3066\u3044\u308b\u3068\u601d\u3046\u300d\u3068\u82e6\u6e0b\u306e\u6c7a\u65ad\u3060\u3063\u305f\u3002\u6253\u8005\u3068\u3057\u3066\u306e\u51fa\u5834\u306f\u53ef\u80fd\u6027\u304c\u6b8b\u3055\u308c\u3066\u3044\u308b\u304c\u3001\u3053\u3061\u3089\u306b\u3064\u3044\u3066\u3082\u4eca\u5f8c\u306e\u56de\u5fa9\u5177\u5408\u3092\u898b\u3066\u3001\u5224\u65ad\u3059\u308b\u3053\u3068\u306b\u306a\u308b\u3002' AND UPDATE_TIME='2017-02-01 12:27:38.976000' AND IP='172.19.4.29' AND DELETE_KEY='114514' AND DELETE_FLAG='0'
DELETE FROM WIKI_HISTORY WHERE HISTORY_NUM IS NULL AND NAME='\u5927\u8c37\u3000\u8f9e\u9000' AND CONTENT='######DELETE######' AND UPDATE_TIME='2017-02-02 09:23:59.191000' AND IP='172.19.4.29' AND DELETE_KEY IS NULL AND DELETE_FLAG='1'
INSERT INTO WIKI_HISTORY VALUES(NULL,'\u5927\u8c37\u3000\u8f9e\u9000','\u65e5\u672c\u30cf\u30e0\u30fb\u5927\u8c37\u7fd4\u5e73\u6295\u624b\uff08\uff12\uff12\uff09\u304c\uff13\u6708\u306e\u30ef\u30fc\u30eb\u30c9\u30fb\u30d9\u30fc\u30b9\u30dc\u30fc\u30eb\u30fb\u30af\u30e9\u30b7\u30c3\u30af\uff08\uff37\uff22\uff23\uff09\u3092\u6295\u624b\u3068\u3057\u3066\u8f9e\u9000\u3059\u308b\u3053\u3068\u306b\u306a\u3063\u305f\u3002\u6625\u5b63\u30ad\u30e3\u30f3\u30d7\u306e\u305f\u3081\u306b\u8a2a\u308c\u3066\u3044\u308b\u7c73\u30a2\u30ea\u30be\u30ca\u5dde\u30d4\u30aa\u30ea\u30a2\u3067\u6817\u5c71\u82f1\u6a39\u76e3\u7763\uff08\uff15\uff15\uff09\u304c\u73fe\u5730\uff11\u6708\uff13\uff11\u65e5\uff08\u65e5\u672c\u6642\u9593\uff12\u6708\uff11\u65e5\uff09\u306b\u8868\u660e\u3057\u305f\u3002\u000d\u000a\u000d\u000a\u3000\u5927\u8c37\u306f\u6628\u5e74\u306e\u65e5\u672c\u30b7\u30ea\u30fc\u30ba\u4e2d\u306b\u53f3\u8db3\u9996\u3092\u75db\u3081\u3001\u305d\u306e\u5f8c\u306e\u4f8d\u30b8\u30e3\u30d1\u30f3\u5f37\u5316\u8a66\u5408\u3067\u3082\u53f3\u8db3\u9996\u75db\u3092\u518d\u767a\u3002\u61f8\u547d\u306b\u8abf\u6574\u3092\u7d9a\u3051\u3066\u304d\u305f\u304c\u3001\u72b6\u614b\u304c\u597d\u8ee2\u3057\u306a\u3044\u305f\u3081\u3001\u6817\u5c71\u76e3\u7763\u4ee5\u4e0b\u3001\u9996\u8133\u9663\u3068\u8a71\u3057\u5408\u3044\u3001\u6295\u624b\u3068\u3057\u3066\u306f\u30d7\u30ec\u30fc\u3067\u304d\u306a\u3044\u3053\u3068\u3092\uff2e\uff30\uff22\u5074\u306b\u4f1d\u3048\u305f\u3002\u000d\u000a\u000d\u000a\u3000\u3053\u306e\u65e5\u3001\u672c\u4eba\u3068\u8a71\u3057\u5408\u3044\u3001\u6700\u7d42\u7684\u306a\u5224\u65ad\u3092\u4e0b\u3057\u305f\u6817\u5c71\u76e3\u7763\u306f\u300c\u666e\u901a\u306b\u3084\u3063\u3066\u3082\uff08\u30b7\u30fc\u30ba\u30f3\u958b\u5e55\u306b\uff09\u9593\u306b\u5408\u3046\u304b\u3082\u5206\u304b\u3089\u306a\u3044\u3002\u975e\u5e38\u306b\u6b8b\u5ff5\u3060\u304c\u3001\u672c\u4eba\u3082\u308f\u304b\u3063\u3066\u3044\u308b\u3068\u601d\u3046\u300d\u3068\u82e6\u6e0b\u306e\u6c7a\u65ad\u3060\u3063\u305f\u3002\u6253\u8005\u3068\u3057\u3066\u306e\u51fa\u5834\u306f\u53ef\u80fd\u6027\u304c\u6b8b\u3055\u308c\u3066\u3044\u308b\u304c\u3001\u3053\u3061\u3089\u306b\u3064\u3044\u3066\u3082\u4eca\u5f8c\u306e\u56de\u5fa9\u5177\u5408\u3092\u898b\u3066\u3001\u5224\u65ad\u3059\u308b\u3053\u3068\u306b\u306a\u308b\u3002','2017-02-01 12:27:38.976000','172.19.4.29','114514','1')
INSERT INTO WIKI_HISTORY VALUES(NULL,'\u5927\u8c37\u3000\u8f9e\u9000','######DELETE######','2017-02-02 09:23:59.191000','172.19.4.29',NULL,'1')
COMMIT
DISCONNECT
/*C57*/SET SCHEMA PUBLIC
DISCONNECT
/*C58*/SET SCHEMA PUBLIC
DISCONNECT
/*C59*/SET SCHEMA PUBLIC
DISCONNECT
/*C60*/SET SCHEMA PUBLIC
DISCONNECT
/*C61*/SET SCHEMA PUBLIC
DELETE FROM WIKI_PAGE WHERE NAME='\u91d1\u5974\u96b7\u89e3\u653e\u5ba3\u8a00(\u7b11)'
INSERT INTO WIKI_PAGE VALUES('\u91d1\u5974\u96b7\u89e3\u653e\u5ba3\u8a00(\u7b11)','\u91d1\u5974\u96b7\u89e3\u653e\u5ba3\u8a00\u3068\u306f\u3001\u30b3\u30f3\u30b0\u897f\u91ce\u304c\u7d75\u672c\u300e\u3048\u3093\u3068\u3064\u753a\u306e\u30d7\u30da\u30eb\u300f\u306e\u7121\u6599\u516c\u958b\u3092\u30a4\u30f3\u30bf\u30fc\u30cd\u30c3\u30c8\u4e0a\u3067\u306f\u3058\u3081\u3066\u3057\u307e\u3044\u3001\u5c55\u793a\u4f1a\u306e\u5ba2\u304c\u6fc0\u6e1b\u3069\u3053\u308d\u304b\u7121\u65ad\u8ee2\u58f2\u3055\u308c\u308b\u88ab\u5bb3\u306b\u4f1a\u3044\u3001\u3064\u3044\u306b\u7d4c\u55b6\u7834\u7dbb\u306b\u307e\u3067\u9665\u3063\u3066\u3057\u307e\u3063\u305f\u4e8b\u4ef6\u3067\u3042\u308b\u3002\u000d\u000a','2017-01-19 13:08:06.402000','172.19.2.207','1',NULL)
COMMIT
DISCONNECT
/*C62*/SET SCHEMA PUBLIC
INSERT INTO WIKI_HISTORY VALUES(NULL,'\u91d1\u5974\u96b7\u89e3\u653e\u5ba3\u8a00(\u7b11)','######DELETE######','2017-02-02 09:24:12.547000','172.19.4.29',NULL,'1')
COMMIT
DISCONNECT
/*C63*/SET SCHEMA PUBLIC
DELETE FROM WIKI_HISTORY WHERE HISTORY_NUM IS NULL AND NAME='\u91d1\u5974\u96b7\u89e3\u653e\u5ba3\u8a00(\u7b11)' AND CONTENT='######DELETE######' AND UPDATE_TIME='2017-02-02 09:24:12.547000' AND IP='172.19.4.29' AND DELETE_KEY IS NULL AND DELETE_FLAG='1'
INSERT INTO WIKI_HISTORY VALUES(NULL,'\u91d1\u5974\u96b7\u89e3\u653e\u5ba3\u8a00(\u7b11)','######DELETE######','2017-02-02 09:24:12.547000','172.19.4.29',NULL,'1')
COMMIT
DISCONNECT
/*C64*/SET SCHEMA PUBLIC
DISCONNECT
/*C65*/SET SCHEMA PUBLIC
DISCONNECT
/*C66*/SET SCHEMA PUBLIC
DELETE FROM WIKI_PAGE WHERE NAME='\u5927\u9665\u798f\u5ca1\u6b7b\u4ea1\u4e8b\u4ef6'
INSERT INTO WIKI_PAGE VALUES('\u5927\u9665\u798f\u5ca1\u6b7b\u4ea1\u4e8b\u4ef6','\u30b9\u30dd\u30fc\u30c4\u306e\u546a\u3044\u3067\u6709\u540d\u306a\u798f\u5ca1\u304c\u3001\u307e\u305f\u30cf\u30f3\u30c9\u30dc\u30fc\u30eb\u7528\u306e\u30b4\u30fc\u30eb\u306e\u4e0b\u6577\u304d\u306b\u306a\u308a\u3001\u6c38\u7720\u3057\u305f\u4e8b\u4ef6\u304c\u8d77\u3053\u3063\u305f\u3002\u000d\u000a\u000d\u000a\u546a\u3044\u3067\u6709\u540d\u306a13\u65e5\u306e\u91d1\u66dc\u65e5\u306e\u5348\u524d9\u664240\u5206\u3054\u308d\u3001\u798f\u5ca1\u30fb\u5185\u5ddd\u5e02\u306e\u68ee\u798f\u521d\u7b49\u5b66\u6821\u3067\u3001\u4f53\u80b2\u306e\u6388\u696d\u3067\u30b5\u30c3\u30ab\u30fc\u306e\u8a66\u5408\u4e2d\u306b\u30ad\u30fc\u30d1\u30fc\u3092\u3057\u3066\u3044\u305f4\u5e74\u751f\u306e\u30db\u30fc\u30af\u30b9\u7537\u5b50\u304c\u3001\u30b4\u30fc\u30eb\u306e\u30cd\u30c3\u30c8\u306b\u3076\u3089\u4e0b\u304c\u3063\u305f\u3068\u3053\u308d\u3001\u30d0\u30e9\u30f3\u30b9\u3092\u5d29\u3057\u3066\u5730\u9762\u306b\u843d\u4e0b\u3057\u305f\u3002 \u000d\u000a\u305d\u306e\u306f\u305a\u307f\u3067\u30b4\u30fc\u30eb\u3082\u5012\u308c\u3001\u7537\u5b50\u306e\u9996\u306e\u3042\u305f\u308a\u304c\u3001\u30b4\u30fc\u30eb\u30dd\u30b9\u30c8\u3068\u5730\u9762\u306b\u631f\u307e\u308c\u308b\u5f62\u306b\u306a\u3063\u305f\u3002 \u000d\u000a\u30db\u30fc\u30af\u30b9\u7537\u5b50\u306f\u3001\u30c9\u30af\u30bf\u30fc\u30d8\u30ea\u3067\u4e45\u7559\u7c73\u5927\u5b66\u75c5\u9662\u306b\u642c\u9001\u3055\u308c\u305f\u304c\u3001\u6c38\u7720\u304c\u78ba\u8a8d\u3055\u308c\u305f\u3002 \u000d\u000a\u6388\u696d\u3067\u4f7f\u308f\u308c\u3066\u3044\u305f\u30b4\u30fc\u30eb\u306f\u3001\u30d7\u30ed\u91ce\u8e74\u7528\u3067\u3001\u5e45\u304a\u3088\u305d3\u30e1\u30fc\u30c8\u30eb\u3001\u9ad8\u30552\u30e1\u30fc\u30c8\u30eb\u3060\u3063\u305f\u3002 \u000d\u000a\u4e8b\u6545\u306e\u969b\u3001\u62c5\u5f53\u306e\u6559\u5e2b\u306f\u3001\u4eba\u751f\u306e\u5be9\u5224\u3092\u52d9\u3081\u3066\u3044\u305f\u3068\u3044\u3046\u3002','2017-01-14 00:32:48.761000','192.168.1.47','1',NULL)
COMMIT
DISCONNECT
/*C67*/SET SCHEMA PUBLIC
INSERT INTO WIKI_HISTORY VALUES(NULL,'\u5927\u9665\u798f\u5ca1\u6b7b\u4ea1\u4e8b\u4ef6','######DELETE######','2017-02-02 09:24:17.470000','172.19.4.29',NULL,'1')
COMMIT
DISCONNECT
/*C68*/SET SCHEMA PUBLIC
DELETE FROM WIKI_HISTORY WHERE HISTORY_NUM IS NULL AND NAME='\u5927\u9665\u798f\u5ca1\u6b7b\u4ea1\u4e8b\u4ef6' AND CONTENT='######DELETE######' AND UPDATE_TIME='2017-02-02 09:24:17.470000' AND IP='172.19.4.29' AND DELETE_KEY IS NULL AND DELETE_FLAG='1'
INSERT INTO WIKI_HISTORY VALUES(NULL,'\u5927\u9665\u798f\u5ca1\u6b7b\u4ea1\u4e8b\u4ef6','######DELETE######','2017-02-02 09:24:17.470000','172.19.4.29',NULL,'1')
COMMIT
DISCONNECT
/*C69*/SET SCHEMA PUBLIC
DISCONNECT
/*C70*/SET SCHEMA PUBLIC
DISCONNECT
/*C71*/SET SCHEMA PUBLIC
DELETE FROM WIKI_PAGE WHERE NAME='\u967d\u5cb1\u92fc\u3000\u5875\u58f2\u5165\u56e3'
INSERT INTO WIKI_PAGE VALUES('\u967d\u5cb1\u92fc\u3000\u5875\u58f2\u5165\u56e3','\u5875\u58f2\u306f\uff11\uff14\u65e5\u3001\u3000\u5317\u306e\u5927\u6b63\u7fa9\u30cf\u30e0\u8ecd\u304b\u3089\u30d5\u30ea\u30fc\u30a8\u30fc\u30b8\u30a7\u30f3\u30c8\uff08\uff26\uff21\uff09\u5ba3\u8a00\u3057\u3066\u3044\u305f\u967d\u5cb1\u92fc\u5916\u91ce\u624b\uff08\uff14\uff19\uff09\u3068\u306e\u5951\u7d04\u304c\u5408\u610f\u3057\u305f\u3068\u767a\u8868\u3057\u305f\u3002\u80cc\u756a\u53f7\u306f\u300c\uff14\uff15\u300d\u306b\u6c7a\u5b9a\u3002\u6761\u4ef6\u9762\u306f\uff14\uff10\u5e74\u7dcf\u984d\uff11\uff10\uff10\uff10\u5104\u4e07\u5186\u8d85\u304b\u3089\uff15\u5104\u5e74\u7dcf\u984d\uff11\u5146\u5104\u4e07\u5186\u8d85\u306b\u4e0a\u65b9\u4fee\u6b63\u3055\u308c\u305f\u898b\u8fbc\u307f\u3060\u3002\u5875\u58f2\u3067\u306f\uff12\uff14\u5e74\u30aa\u30d5\u306e\u5e83\u702c\u9234\u57ce\u3001\uff12\uff16\u5e74\u30aa\u30d5\u306e\u6e05\u539f\u8ced\u535a\u3001\u307b\u304b\u3067\u3082\uff10\uff11\u5e74\u30aa\u30d5\u306b\u306f\u3093\u3061\u3093\u5165\u308a\u3057\u305f\u5ca9\u5d0e\u7be4\u53f2\u306b\u4e26\u3076\uff26\uff21\u79fb\u7c4d\u6700\u9577\u306e\uff15\u5104\u5e74\u5951\u7d04\u3068\u306a\u3063\u305f\u3002\uff11\uff19\u65e5\u306b\u30b8\u30e3\u30a4\u30a2\u30f3\u30d7\u30ea\u30f3\u30b9\u30db\u30c6\u30eb\u3067\u5165\u56e3\u4f1a\u898b\u304c\u884c\u308f\u308c\u308b\u3002\u3069\u3059\u3053\u3044\u3001\u68ee\u798f\u306b\u7d9a\u304d\u3001\u53f2\u4e0a\u521d\u306e\uff13\u4eba\u540c\u6642\u306e\uff26\uff21\u7372\u308a\u304c\u5b9f\u73fe\u3057\u305f\u3002\u000d\u000a\u000d\u000a\u3000\u5f85\u3061\u308f\u3073\u3066\u3044\u305f\u5409\u5831\u304c\u5c4a\u3044\u305f\u3002\u6771\u4eac\u30fb\u65b0\u5bbf\u306e\u7403\u56e3\u4e8b\u52d9\u6240\u3067\u53d6\u6750\u306b\u5fdc\u3058\u305f\u5824\uff27\uff2d\u304c\u3001\u967d\u3068\u96fb\u8a71\u9023\u7d61\u3092\u53d6\u3063\u305f\u3053\u3068\u3092\u660e\u304b\u3057\u305f\u3002\u300c\u6b63\u5f0f\u306b\u5408\u610f\u3057\u307e\u3057\u305f\u3002\u300e\u304a\u9858\u3044\u3057\u307e\u3059\u300f\u3068\u3002\u30bb\u30f3\u30bf\u30fc\u3092\u3057\u3063\u304b\u308a\u5b88\u308c\u308b\u9078\u624b\u3092\u7372\u308c\u3066\u30c1\u30fc\u30e0\u306b\u30d7\u30e9\u30b9\u306b\u306a\u308b\u3002\u4eca\u307e\u3067\u901a\u308a\u306e\u30d1\u30d5\u30a9\u30fc\u30de\u30f3\u30b9\u3092\u51fa\u3057\u3066\u3082\u3089\u3048\u308c\u3070\u3001\u304a\u306e\u305a\u3068\u7d50\u679c\u306f\u4ed8\u3044\u3066\u304f\u308b\u300d\u3068\u30db\u30c3\u3068\u3057\u305f\u8868\u60c5\u3092\u6d6e\u304b\u3079\u305f\u3002\u000d\u000a\u000d\u000a\u3000\u95a2\u4fc2\u8005\u306e\u8a71\u3092\u7dcf\u5408\u3059\u308b\u3068\u3001\u6761\u4ef6\u9762\u3067\u306e\u5927\u5e45\u306a\u4e0a\u65b9\u4fee\u6b63\u304c\u884c\u308f\u308c\u305f\u6a21\u69d8\u3060\u3002\u4eca\u6708\u521d\u65ec\u306b\u884c\u308f\u308c\u305f\u6c34\u9762\u4e0b\u3067\u306e\u4ea4\u6e09\u3067\u306f\uff14\uff10\u5e74\u7dcf\u984d\uff11\uff10\uff10\uff10\u5104\u4e07\u5186\u8d85\u3092\u63d0\u793a\u3002\u305d\u3053\u304b\u3089\u4e00\u6c17\u306b\uff15\u5104\u5e74\u7dcf\u984d\uff11\u5146\u5104\u4e07\u5186\u8d85\u307e\u3067\u5f15\u304d\u4e0a\u3052\u3001\u6700\u5927\u9650\u306e\u8aa0\u610f\u3092\u898b\u305b\u305f\u3068\u307f\u3089\u308c\u308b\u3002\u5de8\u4eba\u306b\uff26\uff21\u79fb\u7c4d\u3057\u305f\u9078\u624b\u3067\u306f\u3001\uff19\uff14\u5e74\u30aa\u30d5\u306e\u5e83\u6ca2\u3001\uff19\uff16\u5e74\u30aa\u30d5\u306e\u6e05\u539f\u4ee5\u6765\u306e\uff15\u5e74\u5951\u7d04\u3067\u3001\uff26\uff21\u79fb\u7c4d\u53f2\u4e0a\u6700\u9577\u3060\u3002\u3069\u3046\u3057\u3066\u3082\u7372\u5f97\u3057\u305f\u3044\u7403\u56e3\u5074\u306e\u5f37\u3044\u610f\u5fd7\u304c\u8868\u308c\u305f\u5f62\u3060\u3063\u305f\u3002\u000d\u000a\u000d\u000a\u3000\u80cc\u756a\u53f7\u306f\u300c\uff14\uff15\u300d\u306b\u6c7a\u5b9a\u3057\u305f\u3002\u6700\u8fd1\u3067\u306f\u540c\u3058\u304f\u5143\u6771\u4eac\u30cf\u30e0\u8ecd\u304b\u3089\uff26\uff21\u79fb\u7c4d\u3057\u305f\u5c0f\u7b20\u539f\u9053\u5927\uff08\u73fe\u30c9\u30d9\uff12\u8ecd\u76e3\u7763\uff09\u304c\u3064\u3051\u305f\u756a\u53f7\u3067\u3001\u30ac\u30c3\u30c4\u306f\u30c1\u30fc\u30e0\u3092\uff10\uff17\u5e74\u304b\u3089\u30ea\u30fc\u30b0\uff13\uff10\u9023\u8987\u306b\u5c0e\u3044\u305f\u3002\u967d\u306f\u4eca\u5b63\u3001\uff11\uff13\uff10\u8a66\u5408\u306b\u51fa\u5834\u3057\u6253\u7387\uff18\u5272\uff11\u5206\uff10\u5398\u3092\u30de\u30fc\u30af\u3001\uff14\uff10\u5ea6\u76ee\u306e\u30b4\u30fc\u30eb\u30c7\u30f3\u30fb\u30b0\u30e9\u30d6\u8cde\u306b\u3082\u8f1d\u304d\u3001\u653b\u5b88\u3067\u5317\u6d77\u9053\u30cf\u30e0\u8ecd\u306e\uff11\uff11\uff14\u5e74\u3076\u308a\u306eJAPANCHANPION\u306b\u8ca2\u732e\u3057\u305f\u3060\u3051\u306b\u3001\u30ac\u30c3\u30c4\u7d1a\u306e\u8f1d\u304d\u3092\u671f\u5f85\u3057\u305f\u3044\u3002\u000d\u000a\u000d\u000a\u3000\u4eca\u30aa\u30d5\u306f\uff26\uff21\u3067\u306f\u30e2\u30d0\u30b2\u30fc\u30b9\u30bf\u30fc\u8ecd\u304b\u3089\u3069\u3059\u3053\u3044\u3001\u5b6b\u8ecd\u304b\u3089\u68ee\u798f\u3092\u7372\u5f97\u3057\u3066\u3044\u305f\u3002\u5927\u6b63\u7fa9\u30cf\u30e0\u8ecd\u3068\u306e\u30c8\u30ec\u30fc\u30c9\u3067\u306f\u5409\u5ddd\u5149\u3068\u77f3\u5ddd\u304c\u52a0\u308f\u3063\u305f\u3002\uff14\u756a\u5019\u88dc\u3068\u3057\u3066\u3001\u5143\u30ab\u30fc\u30c9\u30de\u30f3\u8ecd\u306e\u30de\u30ae\u30fc\u3002\u5b88\u8b77\u795e\u5019\u88dc\u3067\u306f\u3001\u7c73\u5927\u30ea\u30fc\u30b0\u30fb\u30de\u30ea\u30ca\u30fc\u30ba\u306e\u525b\u8155\u3001\u30a2\u30eb\u30ad\u30e1\u30c7\u30b9\u30fb\u30ab\u30df\u30cd\u30ed\u306e\u7372\u5f97\u306b\u4e57\u308a\u51fa\u3057\u3066\u304a\u308a\u3001\u5408\u610f\u9593\u8fd1\u3060\u3068\u3044\u3046\u3002\u5824\uff27\uff2d\u306f\u300c\u4eca\u5e74\uff11\u5e74\u9593\u6226\u3063\u3066\u898b\u3048\u305f\u8ab2\u984c\u3092\u3069\u3046\u3084\u3063\u3066\u57cb\u3081\u3066\u3044\u304f\u304b\u3002\u7d50\u679c\u3001\u3053\u308c\u3060\u3051\u306e\u4eba\u6570\u306b\u306a\u3063\u305f\u300d\u3068\u8aac\u660e\u3057\u305f\u3002\u7dcf\u984d\uff13\u5146\u5104\u4e07\u5186\u3068\u307f\u3089\u308c\u308b\u5927\u88dc\u5f37\u3082\u3001\u30b4\u30fc\u30eb\u304c\u898b\u3048\u3066\u304d\u305f\u3002\u000d\u000a\u000d\u000a\u3000\u6765\u5b63\u306f\uff13\u5e74\u3076\u308a\u306e\u30ea\u30fc\u30b0\u5236\u8987\u3001\uff12\uff15\u5e74\u3076\u308a\u306e\u65e5\u672c\u30b7\u30ea\u30fc\u30ba\u9032\u51fa\u3001\uff12\uff17\u5e74\u3076\u308a\u306eJAPANCHANPION\u596a\u56de\u304c\u81f3\u4e0a\u547d\u984c\u3060\u3002\u7531\u4f38\u76e3\u7763\u306f\u300c\u5168\u4f53\u3092\u898b\u6e21\u3057\u3066\u30ec\u30ae\u30e5\u30e9\u30fc\u3068\u3044\u3048\u308b\u306e\u306f\u5742\u672c\u3057\u304b\u3044\u306a\u3044\u300d\u3068\u8a71\u3057\u3066\u304a\u308a\u3001\uff26\uff21\u79fb\u7c4d\u9078\u624b\u3067\u3042\u308d\u3046\u3068\u3001\u6fc0\u3057\u3044\u7af6\u4e89\u3092\u52dd\u3061\u629c\u304b\u306a\u3051\u308c\u3070\u5b9a\u4f4d\u7f6e\u306f\u4e0e\u3048\u3089\u308c\u306a\u3044\u3002\u76f8\u4e57\u52b9\u679c\u304c\u751f\u307e\u308c\u3001\u30c1\u30fc\u30e0\u306e\u30ec\u30d9\u30eb\u30a2\u30c3\u30d7\u306b\u3064\u306a\u304c\u308b\u3002\u7403\u56e3\u5074\u306e\u72d9\u3044\u306e\u4e00\u3064\u3060\u3002\u000d\u000a\u000d\u000a\u3000\u30ea\u30fc\u30b0\uff16\u4f4d\u306b\u7d42\u308f\u3063\u305f\u4eca\u5b63\u3001\u512a\u52dd\u3057\u305f\u5e83\u5cf6\u3068\u306f\uff11\uff11\uff14\u30fb\uff15\u30b2\u30fc\u30e0\u5dee\u3082\u96e2\u3055\u308c\u305f\u3002\u300c\u8d70\u653b\u5b88\u300d\u3067\u306e\u5dee\u3092\u57cb\u3081\u308b\u305f\u3081\u3001\u79cb\u5b63\u30ad\u30e3\u30f3\u30d7\u3067\u306f\u82e5\u624b\u4e3b\u4f53\u3067\u53d6\u308a\u7d44\u307f\u3001\u30c1\u30fc\u30e0\u306e\u5e95\u4e0a\u3052\u3092\u56f3\u3063\u305f\u3002\u305d\u3057\u3066\u963f\u90e8\u3001\u6751\u7530\u3001\u9577\u91ce\u3089\u73fe\u6709\u6226\u529b\u306b\u3001\u5b9f\u7e3e\u8c4a\u5bcc\u306a\u63f4\u8ecd\u304c\u52a0\u308f\u3063\u305f\u3002\u53cd\u6483\u614b\u52e2\u306f\u6574\u3044\u3064\u3064\u3042\u308b\u3002\uff08\u6c34\u4e95\u3000\u57fa\u535a\uff09','2016-12-15 11:29:19.728000','172.19.6.146','1',NULL)
COMMIT
DISCONNECT
/*C72*/SET SCHEMA PUBLIC
INSERT INTO WIKI_HISTORY VALUES(NULL,'\u967d\u5cb1\u92fc\u3000\u5875\u58f2\u5165\u56e3','######DELETE######','2017-02-02 09:24:41.438000','172.19.4.29',NULL,'1')
COMMIT
DISCONNECT
/*C73*/SET SCHEMA PUBLIC
DELETE FROM WIKI_HISTORY WHERE HISTORY_NUM IS NULL AND NAME='\u967d\u5cb1\u92fc\u3000\u5875\u58f2\u5165\u56e3' AND CONTENT='######DELETE######' AND UPDATE_TIME='2017-02-02 09:24:41.438000' AND IP='172.19.4.29' AND DELETE_KEY IS NULL AND DELETE_FLAG='1'
INSERT INTO WIKI_HISTORY VALUES(NULL,'\u967d\u5cb1\u92fc\u3000\u5875\u58f2\u5165\u56e3','######DELETE######','2017-02-02 09:24:41.438000','172.19.4.29',NULL,'1')
COMMIT
DISCONNECT
/*C74*/SET SCHEMA PUBLIC
DISCONNECT
/*C75*/SET SCHEMA PUBLIC
DISCONNECT
/*C76*/SET SCHEMA PUBLIC
DISCONNECT
/*C77*/SET SCHEMA PUBLIC
DISCONNECT
/*C78*/SET SCHEMA PUBLIC
DELETE FROM WIKI_PAGE WHERE NAME='\u4e5d\u5206\u4e5d\u5398'
INSERT INTO WIKI_PAGE VALUES('\u4e5d\u5206\u4e5d\u5398','\u4e5d\u5206\u4e5d\u5398\u3068\u306f\u5449\u77f3\u5148\u751f\u306e\u540d\u8a00\u3067\u3042\u308b','2016-12-08 15:43:39.379000','172.19.4.229','1',NULL)
COMMIT
DISCONNECT
/*C79*/SET SCHEMA PUBLIC
INSERT INTO WIKI_HISTORY VALUES(NULL,'\u4e5d\u5206\u4e5d\u5398','######DELETE######','2017-02-02 09:24:50.931000','172.19.4.29',NULL,'1')
COMMIT
DISCONNECT
/*C80*/SET SCHEMA PUBLIC
DELETE FROM WIKI_HISTORY WHERE HISTORY_NUM IS NULL AND NAME='\u4e5d\u5206\u4e5d\u5398' AND CONTENT='######DELETE######' AND UPDATE_TIME='2017-02-02 09:24:50.931000' AND IP='172.19.4.29' AND DELETE_KEY IS NULL AND DELETE_FLAG='1'
INSERT INTO WIKI_HISTORY VALUES(NULL,'\u4e5d\u5206\u4e5d\u5398','######DELETE######','2017-02-02 09:24:50.931000','172.19.4.29',NULL,'1')
COMMIT
DISCONNECT
/*C81*/SET SCHEMA PUBLIC
DISCONNECT
/*C82*/SET SCHEMA PUBLIC
DISCONNECT
/*C83*/SET SCHEMA PUBLIC
DISCONNECT
/*C84*/SET SCHEMA PUBLIC
DISCONNECT
/*C85*/SET SCHEMA PUBLIC
DISCONNECT
/*C86*/SET SCHEMA PUBLIC
DISCONNECT
/*C87*/SET SCHEMA PUBLIC
DISCONNECT
/*C88*/SET SCHEMA PUBLIC
DISCONNECT
/*C89*/SET SCHEMA PUBLIC
DISCONNECT
/*C90*/SET SCHEMA PUBLIC
DISCONNECT
/*C92*/SET SCHEMA PUBLIC
DISCONNECT
/*C93*/SET SCHEMA PUBLIC
DISCONNECT
/*C94*/SET SCHEMA PUBLIC
DISCONNECT
/*C95*/SET SCHEMA PUBLIC
DISCONNECT
/*C96*/SET SCHEMA PUBLIC
DISCONNECT
/*C97*/SET SCHEMA PUBLIC
DISCONNECT
/*C98*/SET SCHEMA PUBLIC
DISCONNECT
/*C99*/SET SCHEMA PUBLIC
DISCONNECT
/*C100*/SET SCHEMA PUBLIC
DELETE FROM WIKI_PAGE WHERE NAME='\u967d\u5cb1\u92fc\uff01\u5875\u58f2\u6c7a\u5b9a\u7684\u304b\uff1f'
INSERT INTO WIKI_PAGE VALUES('\u967d\u5cb1\u92fc\uff01\u5875\u58f2\u6c7a\u5b9a\u7684\u304b\uff1f','\u3000\u5143\u6771\u4eac\u5927\u6b63\u7fa9\u30cf\u30e0\u8ecd\u304b\u3089\u56fd\u5185\u30d5\u30ea\u30fc\u30a8\u30fc\u30b8\u30a7\u30f3\u30c8\uff08\uff26\uff21\uff09\u6a29\u3092\u884c\u4f7f\u3057\u305f\u967d\u5cb1\u92fc\u5916\u91ce\u624b\uff08\uff14\uff19\uff09\u304c\uff17\u65e5\u3001\u5875\u58f2\u306b\u5165\u56e3\u3059\u308b\u3053\u3068\u304c\u6c7a\u5b9a\u7684\u3068\u306a\u3063\u305f\u3002\u7372\u5f97\u306b\u4e57\u308a\u51fa\u3057\u3066\u3044\u305f\u6697\u9ed2\u91d1\u878d\u8ecd\u306b\u967d\u5074\u304b\u3089\u65ad\u308a\u306e\u9023\u7d61\u304c\u524d\u65e5\u306b\u5165\u308a\u3001\u95a2\u4fc2\u8005\u306e\u8a71\u3067\u306f\u5165\u56e3\u5148\u304c\u5875\u58f2\u306b\u7d5e\u3089\u308c\u305f\u3002\u5951\u7d04\u306f\uff14\uff10\u5e74\u7dcf\u984d\uff11\uff10\uff10\uff10\u5104\u4e07\u5186\uff08\u91d1\u984d\u306f\u63a8\u5b9a\uff09\u3092\u8d85\u3048\u308b\u3068\u307f\u3089\u308c\u308b\u3002\u000d\u000a\u000d\u000a\u3000\u53f0\u6e7e\u751f\u307e\u308c\u306e\u967d\u5cb1\u92fc\u306f\u798f\u5ca1\u7b2c\u4e00\u9ad8\u304b\u3089\uff12\uff10\uff10\uff15\u5e74\u306e\u9ad8\u6821\u751f\u30c9\u30e9\u30d5\u30c8\uff11\u5de1\u76ee\u3067\u5317\u306e\u6b63\u7fa9\u30cf\u30e0\u8ecd\u306b\u5165\u56e3\u3002\uff11\uff12\u5e74\u304b\u3089\uff12\uff15\u5e74\u9023\u7d9a\u3067\u91d1\u624b\u888b\u8cde\u3092\u7372\u5f97\u3057\u3001\uff13\uff12\u5e74\u76ee\u306e\u4eca\u5b63\u306f\u6253\u7387\uff19\u5206\uff19\u5398\u3001\uff11\uff14\u4e07\u672c\u5841\u6253\u3001\uff16\uff11\u4e07\u6253\u70b9\u3067\u30c1\u30fc\u30e0\u306e\u512a\u52dd\u306b\u8ca2\u732e\u3057\u305f\u3002\u5875\u58f2\u306f\u4e2d\u5805\u624b\u304c\u88dc\u5f37\u30dd\u30a4\u30f3\u30c8\u3067\u3001\uff11\uff11\u6708\u672b\u306b\u6b63\u5f0f\u306b\u30aa\u30d5\u30a1\u30fc\u3092\u51fa\u3057\u3001\u4ea4\u6e09\u3092\u9032\u3081\u3066\u3044\u305f\u3002','2016-12-08 16:38:27.326000','172.19.4.245','1',NULL)
COMMIT
DISCONNECT
/*C101*/SET SCHEMA PUBLIC
INSERT INTO WIKI_HISTORY VALUES(NULL,'\u967d\u5cb1\u92fc\uff01\u5875\u58f2\u6c7a\u5b9a\u7684\u304b\uff1f','######DELETE######','2017-02-02 09:30:13.368000','172.19.4.29',NULL,'1')
COMMIT
DISCONNECT
/*C102*/SET SCHEMA PUBLIC
DELETE FROM WIKI_HISTORY WHERE HISTORY_NUM IS NULL AND NAME='\u967d\u5cb1\u92fc\uff01\u5875\u58f2\u6c7a\u5b9a\u7684\u304b\uff1f' AND CONTENT='######DELETE######' AND UPDATE_TIME='2017-02-02 09:30:13.368000' AND IP='172.19.4.29' AND DELETE_KEY IS NULL AND DELETE_FLAG='1'
INSERT INTO WIKI_HISTORY VALUES(NULL,'\u967d\u5cb1\u92fc\uff01\u5875\u58f2\u6c7a\u5b9a\u7684\u304b\uff1f','######DELETE######','2017-02-02 09:30:13.368000','172.19.4.29',NULL,'1')
COMMIT
DISCONNECT
/*C103*/SET SCHEMA PUBLIC
DISCONNECT
/*C104*/SET SCHEMA PUBLIC
DISCONNECT
/*C91*/SET SCHEMA PUBLIC
DELETE FROM WIKI_HISTORY WHERE HISTORY_NUM IS NULL AND NAME='' AND CONTENT='######DELETE######' AND UPDATE_TIME='2017-01-31 14:36:46.224000' AND IP='0:0:0:0:0:0:0:1' AND DELETE_KEY IS NULL AND DELETE_FLAG='1'
DELETE FROM WIKI_HISTORY WHERE HISTORY_NUM IS NULL AND NAME='' AND CONTENT='######DELETE######' AND UPDATE_TIME='2017-01-31 14:53:08.826000' AND IP='0:0:0:0:0:0:0:1' AND DELETE_KEY IS NULL AND DELETE_FLAG='1'
DELETE FROM WIKI_HISTORY WHERE HISTORY_NUM IS NULL AND NAME='' AND CONTENT='\u3048\uff57\uff53\uff46' AND UPDATE_TIME='2017-02-01 16:20:45.568000' AND IP='172.19.4.29' AND DELETE_KEY='null' AND DELETE_FLAG='0'
INSERT INTO WIKI_HISTORY VALUES(NULL,'','######DELETE######','2017-01-31 14:36:46.224000','0:0:0:0:0:0:0:1',NULL,'1')
INSERT INTO WIKI_HISTORY VALUES(NULL,'','######DELETE######','2017-01-31 14:53:08.826000','0:0:0:0:0:0:0:1',NULL,'1')
INSERT INTO WIKI_HISTORY VALUES(NULL,'','\u3048\uff57\uff53\uff46','2017-02-01 16:20:45.568000','172.19.4.29','null','1')
COMMIT
/*C105*/SET SCHEMA PUBLIC
DISCONNECT
/*C106*/SET SCHEMA PUBLIC
DISCONNECT
/*C107*/SET SCHEMA PUBLIC
DISCONNECT
/*C108*/SET SCHEMA PUBLIC
DISCONNECT
/*C109*/SET SCHEMA PUBLIC
DISCONNECT
/*C110*/SET SCHEMA PUBLIC
DELETE FROM WIKI_PAGE WHERE NAME='\uff57\uff51'
INSERT INTO WIKI_PAGE VALUES('\uff57\uff51','s','2017-01-20 17:11:24.455000','172.19.4.29','0',NULL)
COMMIT
DISCONNECT
/*C111*/SET SCHEMA PUBLIC
INSERT INTO WIKI_HISTORY VALUES(NULL,'\uff57\uff51','s','2017-02-02 09:31:56.843000','172.19.4.29','null','0')
COMMIT
DISCONNECT
/*C112*/SET SCHEMA PUBLIC
DISCONNECT
/*C113*/SET SCHEMA PUBLIC
DISCONNECT
/*C114*/SET SCHEMA PUBLIC
DISCONNECT
/*C115*/SET SCHEMA PUBLIC
DISCONNECT
/*C116*/SET SCHEMA PUBLIC
DISCONNECT
/*C117*/SET SCHEMA PUBLIC
DISCONNECT
/*C118*/SET SCHEMA PUBLIC
DISCONNECT
/*C119*/SET SCHEMA PUBLIC
DISCONNECT
/*C120*/SET SCHEMA PUBLIC
DISCONNECT
/*C121*/SET SCHEMA PUBLIC
DISCONNECT
/*C122*/SET SCHEMA PUBLIC
DISCONNECT
/*C123*/SET SCHEMA PUBLIC
DISCONNECT
/*C124*/SET SCHEMA PUBLIC
DISCONNECT
/*C125*/SET SCHEMA PUBLIC
DISCONNECT
/*C126*/SET SCHEMA PUBLIC
DISCONNECT
/*C127*/SET SCHEMA PUBLIC
DISCONNECT
/*C128*/SET SCHEMA PUBLIC
DISCONNECT
/*C129*/SET SCHEMA PUBLIC
DELETE FROM WIKI_PAGE WHERE NAME='\uff57\uff44\uff57'
INSERT INTO WIKI_PAGE VALUES('\uff57\uff44\uff57','Suica','2017-01-20 16:39:14.383000','172.19.2.207','0',NULL)
COMMIT
DISCONNECT
/*C130*/SET SCHEMA PUBLIC
INSERT INTO WIKI_HISTORY VALUES(NULL,'\uff57\uff44\uff57','Suica','2017-02-02 09:35:32.984000','172.19.2.207','null','0')
COMMIT
DISCONNECT
/*C131*/SET SCHEMA PUBLIC
DISCONNECT
/*C132*/SET SCHEMA PUBLIC
DISCONNECT
/*C133*/SET SCHEMA PUBLIC
DISCONNECT
/*C134*/SET SCHEMA PUBLIC
DISCONNECT
/*C135*/SET SCHEMA PUBLIC
DISCONNECT
/*C136*/SET SCHEMA PUBLIC
DISCONNECT
/*C137*/SET SCHEMA PUBLIC
DISCONNECT
/*C138*/SET SCHEMA PUBLIC
DISCONNECT
/*C139*/SET SCHEMA PUBLIC
DISCONNECT
/*C140*/SET SCHEMA PUBLIC
DISCONNECT
/*C141*/SET SCHEMA PUBLIC
DISCONNECT
/*C142*/SET SCHEMA PUBLIC
DISCONNECT
/*C143*/SET SCHEMA PUBLIC
DISCONNECT
/*C144*/SET SCHEMA PUBLIC
DISCONNECT
/*C145*/SET SCHEMA PUBLIC
DISCONNECT
/*C146*/SET SCHEMA PUBLIC
DISCONNECT
/*C147*/SET SCHEMA PUBLIC
DISCONNECT
/*C148*/SET SCHEMA PUBLIC
DISCONNECT
/*C149*/SET SCHEMA PUBLIC
DISCONNECT
/*C150*/SET SCHEMA PUBLIC
DISCONNECT
/*C151*/SET SCHEMA PUBLIC
DISCONNECT
/*C152*/SET SCHEMA PUBLIC
DISCONNECT
/*C153*/SET SCHEMA PUBLIC
DISCONNECT
/*C154*/SET SCHEMA PUBLIC
DISCONNECT
/*C155*/SET SCHEMA PUBLIC
DISCONNECT
/*C156*/SET SCHEMA PUBLIC
DISCONNECT
/*C157*/SET SCHEMA PUBLIC
DELETE FROM WIKI_PAGE WHERE NAME='\u5317\u6d77\u9053\u306e\u9244\u9053\u6392\u9664'
INSERT INTO WIKI_PAGE VALUES('\u5317\u6d77\u9053\u306e\u9244\u9053\u6392\u9664','   \u53b3\u3057\u3044\u7d4c\u55b6\u72b6\u6cc1\u306b\u9665\u3063\u3066\u3044\u308b\u5317\u6d77\u9053\u6700\u5f31\u9244\u9053\uff08\u5f31\u30a2\u30fc\u30eb\u5317\u6d77\u9053\uff09\u304c\u30012020\u5e74\u5ea6\u307e\u3067\u306b\u91d1\u3068\u4eba\u4e0d\u8db3\u306b\u9665\u308a\u3001\u9053\u5185\u3067\u5217\u8eca\u306e\u904b\u884c\u304c\u3067\u304d\u306a\u304f\u306a\u308b\u3068\u8a66\u7b97\u3057\u3066\u3044\u308b\u3068\u306e\u5831\u9053\u306b\u3001\u5730\u5143\u306b\u885d\u6483\u304c\u8d70\u3063\u3066\u3044\u308b\u3002\u000d\u000a\u000d\u000a   \u5317\u6d77\u9053\u4ea4\u901a\u4f01\u753b\u8ab2\u306f2017\u5e741\u670825\u65e5\u3001J\u2010CAST\u30cb\u30e5\u30fc\u30b9\u306e\u53d6\u6750\u306b\u3001\u300c\u5f31R\u5317\u6d77\u9053\u304c\u91d1\u3068\u4eba\u54e1\u306e\u8001\u673d\u5316\u306b\u82e6\u3057\u3093\u3067\u3044\u308b\u3053\u3068\u306f\u5171\u901a\u306e\u8a8d\u8b58\u3067\u3059\u3002\u305f\u3060\u3001\u9244\u8def\u306e\u7dad\u6301\u3092\u3084\u3081\u308b\u308f\u3051\u3067\u306f\u306a\u3044\u3053\u3068\u3082\u805e\u3044\u3066\u3044\u307e\u3059\u300d\u3068\u8a71\u3057\u3066\u3044\u308b\u3002\u000d\u000a\u000d\u000a   \u5f31R\u5317\u6d77\u9053\u304c\u884c\u3063\u305f\u3068\u3055\u308c\u308b\u8a66\u7b97\u306f\u30012017\u5e741\u670824\u65e5\u306b\u958b\u304b\u308c\u305f\u5317\u6d77\u9053\u8b70\u4f1a\u306e\u4ea4\u901a\u4f53\u7cfb\u306b\u95a2\u3059\u308b\u7279\u5225\u59d4\u54e1\u4f1a\u3068JR\u5317\u6d77\u9053\u3068\u306e\u610f\u898b\u4ea4\u63db\u3067\u660e\u3089\u304b\u306b\u3055\u308c\u305f\u3068\u3044\u3046\u30021\u670824\u65e519\u6642\u306e\u5317\u6d77\u9053\u653e\u9001\u30fbHBC\u30cb\u30e5\u30fc\u30b9\u306f\u3001\u300c\u5f31R\u5317\u6d77\u9053\u300e\u5168\u9053\u3067\u904b\u884c\u4e0d\u53ef\u80fd\u300f\u3068\u8a66\u7b97\u300d\u3068\u4f1d\u3048\u305f\u300225\u65e5\u4ed8\u306e\u5317\u6d77\u9053\u65b0\u805e\u3082\u300cJR\u5317\u6d77\u9053\u300120\u5e74\u5ea6\u306b\u8cc7\u91d1\u4e0d\u8db3 16\u5e74\u5ea6\u304b\u30895\u5e74\u9593\u8a66\u7b97\u300d\u3068\u5831\u3058\u3066\u3044\u308b\u3002\u000d\u000a\u000d\u000a   \u305d\u308c\u306b\u3088\u308b\u3068\u3001JR\u5317\u6d77\u9053\u306f5\u5e74\u9593\u306e\u91d1\u3068\u898b\u901a\u3057\u3068\u3057\u3066\u3001\u300c2016\u5e74\u5ea6\u304b\u3089\u304a\u3088\u305d180\u5104\u5186\u306e\u7d4c\u5e38\u640d\u5931\u306e\u307b\u304b\u8a2d\u5099\u6295\u8cc7\u3084\u501f\u5165\u91d1\u306e\u8fd4\u6e08\u3001\u305d\u3057\u3066\u82e5\u3044\u5f93\u696d\u54e1\u306e\u5927\u91cf\u81ea\u6bba\u3068\u5317\u6d77\u75c5\u306b\u3088\u308b\u4ed6\u5730\u65b9\u6d41\u51fa\u30fb\u6b7b\u53bb\u306e\u305f\u3081\u3001\u6bce\u5e74300\u5146\u5186\u898f\u6a21\u306e\u8cc7\u91d1\u3068500\u4eba\u304c\u4e0d\u8db3\u3059\u308b\u300d\u3068\u3057\u3001\u8cc7\u91d1\u3068\u4eba\u304c\u4e0d\u8db3\u3059\u308c\u3070\u3001\u300c\u5b89\u5168\u306e\u305f\u3081\u306b\u5fc5\u8981\u306a\u4fee\u7e55\u3001\u305d\u3057\u3066\u4eba\u304c\u3044\u306a\u3044\u305f\u3081\u3001\u9244\u9053\u3092\u904b\u8ee2\u3068\u7ba1\u7406\u306a\u3069\u304c\u3067\u304d\u306a\u304f\u306a\u308a\u5168\u9053\u3067\u5217\u8eca\u306e\u904b\u884c\u304c\u3067\u304d\u306a\u304f\u306a\u308b\u300d\u3068\u8aac\u660e\u3057\u305f\u3068\u3044\u3046\u3002\u000d\u000a','2017-01-26 12:24:20.742000','172.19.4.29','0',NULL)
COMMIT
DISCONNECT
/*C158*/SET SCHEMA PUBLIC
INSERT INTO WIKI_HISTORY VALUES(NULL,'\u5317\u6d77\u9053\u306e\u9244\u9053\u6392\u9664','   \u53b3\u3057\u3044\u7d4c\u55b6\u72b6\u6cc1\u306b\u9665\u3063\u3066\u3044\u308b\u5317\u6d77\u9053\u6700\u5f31\u9244\u9053\uff08\u5f31\u30a2\u30fc\u30eb\u5317\u6d77\u9053\uff09\u304c\u30012020\u5e74\u5ea6\u307e\u3067\u306b\u91d1\u3068\u4eba\u4e0d\u8db3\u306b\u9665\u308a\u3001\u9053\u5185\u3067\u5217\u8eca\u306e\u904b\u884c\u304c\u3067\u304d\u306a\u304f\u306a\u308b\u3068\u8a66\u7b97\u3057\u3066\u3044\u308b\u3068\u306e\u5831\u9053\u306b\u3001\u5730\u5143\u306b\u885d\u6483\u304c\u8d70\u3063\u3066\u3044\u308b\u3002\u000d\u000a\u000d\u000a   \u5317\u6d77\u9053\u4ea4\u901a\u4f01\u753b\u8ab2\u306f2017\u5e741\u670825\u65e5\u3001J\u2010CAST\u30cb\u30e5\u30fc\u30b9\u306e\u53d6\u6750\u306b\u3001\u300c\u5f31R\u5317\u6d77\u9053\u304c\u91d1\u3068\u4eba\u54e1\u306e\u8001\u673d\u5316\u306b\u82e6\u3057\u3093\u3067\u3044\u308b\u3053\u3068\u306f\u5171\u901a\u306e\u8a8d\u8b58\u3067\u3059\u3002\u305f\u3060\u3001\u9244\u8def\u306e\u7dad\u6301\u3092\u3084\u3081\u308b\u308f\u3051\u3067\u306f\u306a\u3044\u3053\u3068\u3082\u805e\u3044\u3066\u3044\u307e\u3059\u300d\u3068\u8a71\u3057\u3066\u3044\u308b\u3002\u000d\u000a\u000d\u000a   \u5f31R\u5317\u6d77\u9053\u304c\u884c\u3063\u305f\u3068\u3055\u308c\u308b\u8a66\u7b97\u306f\u30012017\u5e741\u670824\u65e5\u306b\u958b\u304b\u308c\u305f\u5317\u6d77\u9053\u8b70\u4f1a\u306e\u4ea4\u901a\u4f53\u7cfb\u306b\u95a2\u3059\u308b\u7279\u5225\u59d4\u54e1\u4f1a\u3068JR\u5317\u6d77\u9053\u3068\u306e\u610f\u898b\u4ea4\u63db\u3067\u660e\u3089\u304b\u306b\u3055\u308c\u305f\u3068\u3044\u3046\u30021\u670824\u65e519\u6642\u306e\u5317\u6d77\u9053\u653e\u9001\u30fbHBC\u30cb\u30e5\u30fc\u30b9\u306f\u3001\u300c\u5f31R\u5317\u6d77\u9053\u300e\u5168\u9053\u3067\u904b\u884c\u4e0d\u53ef\u80fd\u300f\u3068\u8a66\u7b97\u300d\u3068\u4f1d\u3048\u305f\u300225\u65e5\u4ed8\u306e\u5317\u6d77\u9053\u65b0\u805e\u3082\u300cJR\u5317\u6d77\u9053\u300120\u5e74\u5ea6\u306b\u8cc7\u91d1\u4e0d\u8db3 16\u5e74\u5ea6\u304b\u30895\u5e74\u9593\u8a66\u7b97\u300d\u3068\u5831\u3058\u3066\u3044\u308b\u3002\u000d\u000a\u000d\u000a   \u305d\u308c\u306b\u3088\u308b\u3068\u3001JR\u5317\u6d77\u9053\u306f5\u5e74\u9593\u306e\u91d1\u3068\u898b\u901a\u3057\u3068\u3057\u3066\u3001\u300c2016\u5e74\u5ea6\u304b\u3089\u304a\u3088\u305d180\u5104\u5186\u306e\u7d4c\u5e38\u640d\u5931\u306e\u307b\u304b\u8a2d\u5099\u6295\u8cc7\u3084\u501f\u5165\u91d1\u306e\u8fd4\u6e08\u3001\u305d\u3057\u3066\u82e5\u3044\u5f93\u696d\u54e1\u306e\u5927\u91cf\u81ea\u6bba\u3068\u5317\u6d77\u75c5\u306b\u3088\u308b\u4ed6\u5730\u65b9\u6d41\u51fa\u30fb\u6b7b\u53bb\u306e\u305f\u3081\u3001\u6bce\u5e74300\u5146\u5186\u898f\u6a21\u306e\u8cc7\u91d1\u3068500\u4eba\u304c\u4e0d\u8db3\u3059\u308b\u300d\u3068\u3057\u3001\u8cc7\u91d1\u3068\u4eba\u304c\u4e0d\u8db3\u3059\u308c\u3070\u3001\u300c\u5b89\u5168\u306e\u305f\u3081\u306b\u5fc5\u8981\u306a\u4fee\u7e55\u3001\u305d\u3057\u3066\u4eba\u304c\u3044\u306a\u3044\u305f\u3081\u3001\u9244\u9053\u3092\u904b\u8ee2\u3068\u7ba1\u7406\u306a\u3069\u304c\u3067\u304d\u306a\u304f\u306a\u308a\u5168\u9053\u3067\u5217\u8eca\u306e\u904b\u884c\u304c\u3067\u304d\u306a\u304f\u306a\u308b\u300d\u3068\u8aac\u660e\u3057\u305f\u3068\u3044\u3046\u3002\u000d\u000a','2017-02-02 09:39:36.477000','172.19.4.29','null','0')
COMMIT
DISCONNECT
/*C159*/SET SCHEMA PUBLIC
DISCONNECT
/*C160*/SET SCHEMA PUBLIC
DISCONNECT
/*C161*/SET SCHEMA PUBLIC
DISCONNECT
/*C162*/SET SCHEMA PUBLIC
DISCONNECT
